Start testing: Mar 10 18:11 CST
----------------------------------------------------------
1/15 Testing: test_basic
1/15 Test: test_basic
Command: "/mnt/e/workspace/mysym/build/test/test_basic"
Directory: /mnt/e/workspace/mysym/build
"test_basic" start time: Mar 10 18:11 CST
Output:
----------------------------------------------------------
[==========] Running 3 tests from 1 test suite.
[----------] Global test environment set-up.
[----------] 3 tests from Sym
[ RUN      ] Sym.Create
^(2,a)*(x+y)
-1*t
-1*log(2,x)
[       OK ] Sym.Create (0 ms)
[ RUN      ] Sym.Create2
z+a*b+i+x+y
^(2,x)+x+y+-1*(a+b)+-1*(i+k+t+z)
z+y+w*x*(u+v)
[       OK ] Sym.Create2 (0 ms)
[ RUN      ] Sym.Opt
none, -1, -1, 
+, 0, 2, 
*, 1, 2, 
^, 2, 2, 
log, 5, 2, 
!, 3, 1, 
abs, 5, 2, 
mod, 5, 2, 
sin, 5, 2, 
cos, 5, 2, 
tan, 5, 2, 
cot, 5, 2, 
sec, 5, 2, 
csc, 5, 2, 
asin, 5, 2, 
acos, 5, 2, 
atan, 5, 2, 
acot, 5, 2, 
asec, 5, 2, 
acsc, 5, 2, 
sinh, 5, 2, 
cosh, 5, 2, 
tanh, 5, 2, 
coth, 5, 2, 
sech, 5, 2, 
csch, 5, 2, 
asinh, 5, 2, 
acosh, 5, 2, 
atanh, 5, 2, 
acoth, 5, 2, 
asech, 5, 2, 
acsch, 5, 2, 
variate, 6, 0, 
integer, 6, 0, 
float, 6, 0, 
fraction, 6, 0, 
0, 6, 0, 
1, 6, 0, 
-1, 6, 0, 
e, 6, 0, 
pi, 6, 0, 
inf, 6, 0, 
-inf, 6, 0, 

[       OK ] Sym.Opt (0 ms)
[----------] 3 tests from Sym (0 ms total)

[----------] Global test environment tear-down
[==========] 3 tests from 1 test suite ran. (0 ms total)
[  PASSED  ] 3 tests.
<end of output>
Test time =   0.17 sec
----------------------------------------------------------
Test Passed.
"test_basic" end time: Mar 10 18:11 CST
"test_basic" time elapsed: 00:00:00
----------------------------------------------------------

4/15 Testing: test_monomial
4/15 Test: test_monomial
Command: "/mnt/e/workspace/mysym/build/test/test_monomial"
Directory: /mnt/e/workspace/mysym/build
"test_monomial" start time: Mar 10 18:11 CST
Output:
----------------------------------------------------------
[==========] Running 2 tests from 1 test suite.
[----------] Global test environment set-up.
[----------] 2 tests from Sym
[ RUN      ] Sym.Monomial
[       OK ] Sym.Monomial (0 ms)
[ RUN      ] Sym.MonomialGME
../test/test_monomial.cc:29: Failure
Value of: is_monomial(s1, {create(kOptVariate, "x"), create(kOptVariate, "y")})
  Actual: false
Expected: true
[  FAILED  ] Sym.MonomialGME (0 ms)
[----------] 2 tests from Sym (0 ms total)

[----------] Global test environment tear-down
[==========] 2 tests from 1 test suite ran. (0 ms total)
[  PASSED  ] 1 test.
[  FAILED  ] 1 test, listed below:
[  FAILED  ] Sym.MonomialGME

 1 FAILED TEST
<end of output>
Test time =   0.16 sec
----------------------------------------------------------
Test Fail Reason:
Error regular expression found in output. Regex=[FAILED]
"test_monomial" end time: Mar 10 18:11 CST
"test_monomial" time elapsed: 00:00:00
----------------------------------------------------------

12/15 Testing: test_sort
12/15 Test: test_sort
Command: "/mnt/e/workspace/mysym/build/test/test_sort"
Directory: /mnt/e/workspace/mysym/build
"test_sort" start time: Mar 10 18:11 CST
Output:
----------------------------------------------------------
[==========] Running 1 test from 1 test suite.
[----------] Global test environment set-up.
[----------] 1 test from Sym
[ RUN      ] Sym.Sort
group1 = 5+u+^(a,3)+sin(y)+a+b+c+y
after sort group1 = 5+a+b+c+u+y+^(a,3)+sin(y)
after reverse group1 = sin(y)+^(a,3)+y+u+c+b+a+5
y = 1+2*x+^(x,2)
after sort y = 1+2*x+^(x,2)
unknown file: Failure
C++ exception with description "create.cc:31:create: [<mysym> invalid symbol format Exception] "type = 32, literal = 1"" thrown in the test body.
[  FAILED  ] Sym.Sort (2 ms)
[----------] 1 test from Sym (2 ms total)

[----------] Global test environment tear-down
[==========] 1 test from 1 test suite ran. (2 ms total)
[  PASSED  ] 0 tests.
[  FAILED  ] 1 test, listed below:
[  FAILED  ] Sym.Sort

 1 FAILED TEST
<end of output>
Test time =   0.15 sec
----------------------------------------------------------
Test Fail Reason:
Error regular expression found in output. Regex=[FAILED]
"test_sort" end time: Mar 10 18:11 CST
"test_sort" time elapsed: 00:00:00
----------------------------------------------------------

15/15 Testing: test_coefficient
15/15 Test: test_coefficient
Command: "/mnt/e/workspace/mysym/build/test/test_coefficient"
Directory: /mnt/e/workspace/mysym/build
"test_coefficient" start time: Mar 10 18:11 CST
Output:
----------------------------------------------------------
[==========] Running 1 test from 1 test suite.
[----------] Global test environment set-up.
[----------] 1 test from Sym
[ RUN      ] Sym.Coefficient
unknown file: Failure
C++ exception with description "coefficient.cc:11:coefficient: [<mysym> invalid param type Exception] "'x' must be '33' type, it's 32."" thrown in the test body.
[  FAILED  ] Sym.Coefficient (0 ms)
[----------] 1 test from Sym (0 ms total)

[----------] Global test environment tear-down
[==========] 1 test from 1 test suite ran. (0 ms total)
[  PASSED  ] 0 tests.
[  FAILED  ] 1 test, listed below:
[  FAILED  ] Sym.Coefficient

 1 FAILED TEST
<end of output>
Test time =   0.13 sec
----------------------------------------------------------
Test Fail Reason:
Error regular expression found in output. Regex=[FAILED]
"test_coefficient" end time: Mar 10 18:11 CST
"test_coefficient" time elapsed: 00:00:00
----------------------------------------------------------

14/15 Testing: test_degree
14/15 Test: test_degree
Command: "/mnt/e/workspace/mysym/build/test/test_degree"
Directory: /mnt/e/workspace/mysym/build
"test_degree" start time: Mar 10 18:11 CST
Output:
----------------------------------------------------------
[==========] Running 1 test from 1 test suite.
[----------] Global test environment set-up.
[----------] 1 test from Sym
[ RUN      ] Sym.Degree
../test/test_degree.cc:17: Failure
Expected equality of these values:
  print_string(degree(xpy, x)).c_str()
    Which is: "2"
  "3"
[  FAILED  ] Sym.Degree (0 ms)
[----------] 1 test from Sym (0 ms total)

[----------] Global test environment tear-down
[==========] 1 test from 1 test suite ran. (0 ms total)
[  PASSED  ] 0 tests.
[  FAILED  ] 1 test, listed below:
[  FAILED  ] Sym.Degree

 1 FAILED TEST
<end of output>
Test time =   0.14 sec
----------------------------------------------------------
Test Fail Reason:
Error regular expression found in output. Regex=[FAILED]
"test_degree" end time: Mar 10 18:11 CST
"test_degree" time elapsed: 00:00:00
----------------------------------------------------------

2/15 Testing: test_map
2/15 Test: test_map
Command: "/mnt/e/workspace/mysym/build/test/test_map"
Directory: /mnt/e/workspace/mysym/build
"test_map" start time: Mar 10 18:11 CST
Output:
----------------------------------------------------------
[==========] Running 1 test from 1 test suite.
[----------] Global test environment set-up.
[----------] 1 test from Sym
[ RUN      ] Sym.Map
x*z+x*a*b+y*z+y*a*b
sin(x,z)+sin(x,a*b)+sin(y,z)+sin(y,a*b)
[       OK ] Sym.Map (0 ms)
[----------] 1 test from Sym (0 ms total)

[----------] Global test environment tear-down
[==========] 1 test from 1 test suite ran. (0 ms total)
[  PASSED  ] 1 test.
<end of output>
Test time =   0.12 sec
----------------------------------------------------------
Test Passed.
"test_map" end time: Mar 10 18:11 CST
"test_map" time elapsed: 00:00:00
----------------------------------------------------------

3/15 Testing: test_simplify
3/15 Test: test_simplify
Command: "/mnt/e/workspace/mysym/build/test/test_simplify"
Directory: /mnt/e/workspace/mysym/build
"test_simplify" start time: Mar 10 18:11 CST
Output:
----------------------------------------------------------
[==========] Running 1 test from 1 test suite.
[----------] Global test environment set-up.
[----------] 1 test from Sym
[ RUN      ] Sym.AutomaticSimplify
[       OK ] Sym.AutomaticSimplify (0 ms)
[----------] 1 test from Sym (0 ms total)

[----------] Global test environment tear-down
[==========] 1 test from 1 test suite ran. (0 ms total)
[  PASSED  ] 1 test.
<end of output>
Test time =   0.11 sec
----------------------------------------------------------
Test Passed.
"test_simplify" end time: Mar 10 18:11 CST
"test_simplify" time elapsed: 00:00:00
----------------------------------------------------------

5/15 Testing: test_polynomial
5/15 Test: test_polynomial
Command: "/mnt/e/workspace/mysym/build/test/test_polynomial"
Directory: /mnt/e/workspace/mysym/build
"test_polynomial" start time: Mar 10 18:11 CST
Output:
----------------------------------------------------------
[==========] Running 1 test from 1 test suite.
[----------] Global test environment set-up.
[----------] 1 test from Sym
[ RUN      ] Sym.Polynomial
[       OK ] Sym.Polynomial (0 ms)
[----------] 1 test from Sym (0 ms total)

[----------] Global test environment tear-down
[==========] 1 test from 1 test suite ran. (0 ms total)
[  PASSED  ] 1 test.
<end of output>
Test time =   0.09 sec
----------------------------------------------------------
Test Passed.
"test_polynomial" end time: Mar 10 18:11 CST
"test_polynomial" time elapsed: 00:00:00
----------------------------------------------------------

6/15 Testing: test_fraction
6/15 Test: test_fraction
Command: "/mnt/e/workspace/mysym/build/test/test_fraction"
Directory: /mnt/e/workspace/mysym/build
"test_fraction" start time: Mar 10 18:11 CST
Output:
----------------------------------------------------------
[==========] Running 2 tests from 1 test suite.
[----------] Global test environment set-up.
[----------] 2 tests from Sym
[ RUN      ] Sym.Fraction
y
+
^
[       OK ] Sym.Fraction (0 ms)
[ RUN      ] Sym.FractionTools
x
z+a*b
^*^(a,5)
[       OK ] Sym.FractionTools (0 ms)
[----------] 2 tests from Sym (0 ms total)

[----------] Global test environment tear-down
[==========] 2 tests from 1 test suite ran. (0 ms total)
[  PASSED  ] 2 tests.
<end of output>
Test time =   0.08 sec
----------------------------------------------------------
Test Passed.
"test_fraction" end time: Mar 10 18:11 CST
"test_fraction" time elapsed: 00:00:00
----------------------------------------------------------

7/15 Testing: test_expression
7/15 Test: test_expression
Command: "/mnt/e/workspace/mysym/build/test/test_expression"
Directory: /mnt/e/workspace/mysym/build
"test_expression" start time: Mar 10 18:11 CST
Output:
----------------------------------------------------------
[==========] Running 2 tests from 1 test suite.
[----------] Global test environment set-up.
[----------] 2 tests from Sym
[ RUN      ] Sym.Expression
3*cos(y)+a*(1+x)
{3*cos(y)+a*(1+x),3*cos(y),3,cos(y),y,a*(1+x),a,1+x,1,x}
[       OK ] Sym.Expression (0 ms)
[ RUN      ] Sym.Free
3*cos(y)+a*(1+x)
[       OK ] Sym.Free (0 ms)
[----------] 2 tests from Sym (0 ms total)

[----------] Global test environment tear-down
[==========] 2 tests from 1 test suite ran. (0 ms total)
[  PASSED  ] 2 tests.
<end of output>
Test time =   0.07 sec
----------------------------------------------------------
Test Passed.
"test_expression" end time: Mar 10 18:11 CST
"test_expression" time elapsed: 00:00:00
----------------------------------------------------------

8/15 Testing: test_list
8/15 Test: test_list
Command: "/mnt/e/workspace/mysym/build/test/test_list"
Directory: /mnt/e/workspace/mysym/build
"test_list" start time: Mar 10 18:11 CST
Output:
----------------------------------------------------------
[==========] Running 2 tests from 1 test suite.
[----------] Global test environment set-up.
[----------] 2 tests from Sym
[ RUN      ] Sym.List
{x,y,z}
{x,y,z,x}
[       OK ] Sym.List (0 ms)
[ RUN      ] Sym.Set
{x,y,z}
[       OK ] Sym.Set (0 ms)
[----------] 2 tests from Sym (0 ms total)

[----------] Global test environment tear-down
[==========] 2 tests from 1 test suite ran. (0 ms total)
[  PASSED  ] 2 tests.
<end of output>
Test time =   0.06 sec
----------------------------------------------------------
Test Passed.
"test_list" end time: Mar 10 18:11 CST
"test_list" time elapsed: 00:00:00
----------------------------------------------------------

9/15 Testing: test_term
9/15 Test: test_term
Command: "/mnt/e/workspace/mysym/build/test/test_term"
Directory: /mnt/e/workspace/mysym/build
"test_term" start time: Mar 10 18:11 CST
Output:
----------------------------------------------------------
[==========] Running 1 test from 1 test suite.
[----------] Global test environment set-up.
[----------] 1 test from Sym
[ RUN      ] Sym.Term
[       OK ] Sym.Term (0 ms)
[----------] 1 test from Sym (0 ms total)

[----------] Global test environment tear-down
[==========] 1 test from 1 test suite ran. (0 ms total)
[  PASSED  ] 1 test.
<end of output>
Test time =   0.04 sec
----------------------------------------------------------
Test Passed.
"test_term" end time: Mar 10 18:11 CST
"test_term" time elapsed: 00:00:00
----------------------------------------------------------

10/15 Testing: test_exponent
10/15 Test: test_exponent
Command: "/mnt/e/workspace/mysym/build/test/test_exponent"
Directory: /mnt/e/workspace/mysym/build
"test_exponent" start time: Mar 10 18:11 CST
Output:
----------------------------------------------------------
[==========] Running 2 tests from 1 test suite.
[----------] Global test environment set-up.
[----------] 2 tests from Sym
[ RUN      ] Sym.Base
[       OK ] Sym.Base (0 ms)
[ RUN      ] Sym.Exponent
[       OK ] Sym.Exponent (0 ms)
[----------] 2 tests from Sym (0 ms total)

[----------] Global test environment tear-down
[==========] 2 tests from 1 test suite ran. (0 ms total)
[  PASSED  ] 2 tests.
<end of output>
Test time =   0.05 sec
----------------------------------------------------------
Test Passed.
"test_exponent" end time: Mar 10 18:11 CST
"test_exponent" time elapsed: 00:00:00
----------------------------------------------------------

13/15 Testing: test_match
13/15 Test: test_match
Command: "/mnt/e/workspace/mysym/build/test/test_match"
Directory: /mnt/e/workspace/mysym/build
"test_match" start time: Mar 10 18:11 CST
Output:
----------------------------------------------------------
[==========] Running 2 tests from 1 test suite.
[----------] Global test environment set-up.
[----------] 2 tests from Sym
[ RUN      ] Sym.MatchIn
[       OK ] Sym.MatchIn (0 ms)
[ RUN      ] Sym.AbsMatchIn
[       OK ] Sym.AbsMatchIn (0 ms)
[----------] 2 tests from Sym (0 ms total)

[----------] Global test environment tear-down
[==========] 2 tests from 1 test suite ran. (0 ms total)
[  PASSED  ] 2 tests.
<end of output>
Test time =   0.04 sec
----------------------------------------------------------
Test Passed.
"test_match" end time: Mar 10 18:11 CST
"test_match" time elapsed: 00:00:00
----------------------------------------------------------

11/15 Testing: test_cmp
11/15 Test: test_cmp
Command: "/mnt/e/workspace/mysym/build/test/test_cmp"
Directory: /mnt/e/workspace/mysym/build
"test_cmp" start time: Mar 10 18:11 CST
Output:
----------------------------------------------------------
[==========] Running 9 tests from 1 test suite.
[----------] Global test environment set-up.
[----------] 9 tests from Sym
[ RUN      ] Sym.Cmp0_3
[       OK ] Sym.Cmp0_3 (0 ms)
[ RUN      ] Sym.Cmp4
[       OK ] Sym.Cmp4 (0 ms)
[ RUN      ] Sym.Cmp5
[       OK ] Sym.Cmp5 (0 ms)
[ RUN      ] Sym.Cmp6
[       OK ] Sym.Cmp6 (0 ms)
[ RUN      ] Sym.Cmp7
[       OK ] Sym.Cmp7 (0 ms)
[ RUN      ] Sym.Cmp8
[       OK ] Sym.Cmp8 (0 ms)
[ RUN      ] Sym.Cmp9
[       OK ] Sym.Cmp9 (0 ms)
[ RUN      ] Sym.Cmp10
[       OK ] Sym.Cmp10 (0 ms)
[ RUN      ] Sym.Cmp11
[       OK ] Sym.Cmp11 (0 ms)
[----------] 9 tests from Sym (0 ms total)

[----------] Global test environment tear-down
[==========] 9 tests from 1 test suite ran. (0 ms total)
[  PASSED  ] 9 tests.
<end of output>
Test time =   0.05 sec
----------------------------------------------------------
Test Passed.
"test_cmp" end time: Mar 10 18:11 CST
"test_cmp" time elapsed: 00:00:00
----------------------------------------------------------

End testing: Mar 10 18:11 CST
