Start testing: Feb 26 15:43 CST
----------------------------------------------------------
2/12 Testing: test_map
2/12 Test: test_map
Command: "/mnt/e/workspace/mysym/build/test/test_map"
Directory: /mnt/e/workspace/mysym/build
"test_map" start time: Feb 26 15:43 CST
Output:
----------------------------------------------------------
[==========] Running 1 test from 1 test suite.
[----------] Global test environment set-up.
[----------] 1 test from Sym
[ RUN      ] Sym.Map
x*z+x*a*b+y*z+y*a*b
sin(x,z)+sin(x,a*b)+sin(y,z)+sin(y,a*b)
[       OK ] Sym.Map (0 ms)
[----------] 1 test from Sym (0 ms total)

[----------] Global test environment tear-down
[==========] 1 test from 1 test suite ran. (0 ms total)
[  PASSED  ] 1 test.
<end of output>
Test time =   0.11 sec
----------------------------------------------------------
Test Passed.
"test_map" end time: Feb 26 15:43 CST
"test_map" time elapsed: 00:00:00
----------------------------------------------------------

1/12 Testing: test_basic
1/12 Test: test_basic
Command: "/mnt/e/workspace/mysym/build/test/test_basic"
Directory: /mnt/e/workspace/mysym/build
"test_basic" start time: Feb 26 15:43 CST
Output:
----------------------------------------------------------
[==========] Running 3 tests from 1 test suite.
[----------] Global test environment set-up.
[----------] 3 tests from Sym
[ RUN      ] Sym.Create
(x+y)*^(2,a)
-t
-log(2,x)
[       OK ] Sym.Create (0 ms)
[ RUN      ] Sym.Create2
x+y+i+z+a*b
^(2,x)+x+y-z+t+k+i-a+b
(u+v)*w*x+y+z
[       OK ] Sym.Create2 (0 ms)
[ RUN      ] Sym.Opt
none, -1, -1, 
+, 0, 2, 
-, 0, 2, 
*, 1, 2, 
/, 1, 2, 
%, 1, 2, 
abs, 5, 2, 
sqrt, 5, 2, 
^, 2, 2, 
log, 5, 2, 
!, 3, 1, 
sin, 5, 2, 
cos, 5, 2, 
tan, 5, 2, 
cot, 5, 2, 
sec, 5, 2, 
csc, 5, 2, 
asin, 5, 2, 
acos, 5, 2, 
atan, 5, 2, 
acot, 5, 2, 
asec, 5, 2, 
acsc, 5, 2, 
sinh, 5, 2, 
cosh, 5, 2, 
tanh, 5, 2, 
coth, 5, 2, 
sech, 5, 2, 
csch, 5, 2, 
asinh, 5, 2, 
acosh, 5, 2, 
atanh, 5, 2, 
acoth, 5, 2, 
asech, 5, 2, 
acsch, 5, 2, 
, -1, -1, 
, -1, -1, 
, -1, -1, 
, -1, -1, 

[       OK ] Sym.Opt (0 ms)
[----------] 3 tests from Sym (0 ms total)

[----------] Global test environment tear-down
[==========] 3 tests from 1 test suite ran. (0 ms total)
[  PASSED  ] 3 tests.
<end of output>
Test time =   0.11 sec
----------------------------------------------------------
Test Passed.
"test_basic" end time: Feb 26 15:43 CST
"test_basic" time elapsed: 00:00:00
----------------------------------------------------------

4/12 Testing: test_monomial
4/12 Test: test_monomial
Command: "/mnt/e/workspace/mysym/build/test/test_monomial"
Directory: /mnt/e/workspace/mysym/build
"test_monomial" start time: Feb 26 15:43 CST
Output:
----------------------------------------------------------
[==========] Running 1 test from 1 test suite.
[----------] Global test environment set-up.
[----------] 1 test from Sym
[ RUN      ] Sym.Monomial
[       OK ] Sym.Monomial (0 ms)
[----------] 1 test from Sym (0 ms total)

[----------] Global test environment tear-down
[==========] 1 test from 1 test suite ran. (0 ms total)
[  PASSED  ] 1 test.
<end of output>
Test time =   0.09 sec
----------------------------------------------------------
Test Passed.
"test_monomial" end time: Feb 26 15:43 CST
"test_monomial" time elapsed: 00:00:00
----------------------------------------------------------

3/12 Testing: test_simplify
3/12 Test: test_simplify
Command: "/mnt/e/workspace/mysym/build/test/test_simplify"
Directory: /mnt/e/workspace/mysym/build
"test_simplify" start time: Feb 26 15:43 CST
Output:
----------------------------------------------------------
[==========] Running 1 test from 1 test suite.
[----------] Global test environment set-up.
[----------] 1 test from Sym
[ RUN      ] Sym.AutomaticSimplify
[       OK ] Sym.AutomaticSimplify (0 ms)
[----------] 1 test from Sym (0 ms total)

[----------] Global test environment tear-down
[==========] 1 test from 1 test suite ran. (0 ms total)
[  PASSED  ] 1 test.
<end of output>
Test time =   0.10 sec
----------------------------------------------------------
Test Passed.
"test_simplify" end time: Feb 26 15:43 CST
"test_simplify" time elapsed: 00:00:00
----------------------------------------------------------

5/12 Testing: test_polynomial
5/12 Test: test_polynomial
Command: "/mnt/e/workspace/mysym/build/test/test_polynomial"
Directory: /mnt/e/workspace/mysym/build
"test_polynomial" start time: Feb 26 15:43 CST
Output:
----------------------------------------------------------
[==========] Running 1 test from 1 test suite.
[----------] Global test environment set-up.
[----------] 1 test from Sym
[ RUN      ] Sym.Polynomial
[       OK ] Sym.Polynomial (0 ms)
[----------] 1 test from Sym (0 ms total)

[----------] Global test environment tear-down
[==========] 1 test from 1 test suite ran. (0 ms total)
[  PASSED  ] 1 test.
<end of output>
Test time =   0.08 sec
----------------------------------------------------------
Test Passed.
"test_polynomial" end time: Feb 26 15:43 CST
"test_polynomial" time elapsed: 00:00:00
----------------------------------------------------------

6/12 Testing: test_fraction
6/12 Test: test_fraction
Command: "/mnt/e/workspace/mysym/build/test/test_fraction"
Directory: /mnt/e/workspace/mysym/build
"test_fraction" start time: Feb 26 15:43 CST
Output:
----------------------------------------------------------
[==========] Running 2 tests from 1 test suite.
[----------] Global test environment set-up.
[----------] 2 tests from Sym
[ RUN      ] Sym.Fraction
y
*
^
[       OK ] Sym.Fraction (0 ms)
[ RUN      ] Sym.FractionTools
x
a*b
^*^(a,5)
[       OK ] Sym.FractionTools (0 ms)
[----------] 2 tests from Sym (0 ms total)

[----------] Global test environment tear-down
[==========] 2 tests from 1 test suite ran. (0 ms total)
[  PASSED  ] 2 tests.
<end of output>
Test time =   0.07 sec
----------------------------------------------------------
Test Passed.
"test_fraction" end time: Feb 26 15:43 CST
"test_fraction" time elapsed: 00:00:00
----------------------------------------------------------

7/12 Testing: test_expression
7/12 Test: test_expression
Command: "/mnt/e/workspace/mysym/build/test/test_expression"
Directory: /mnt/e/workspace/mysym/build
"test_expression" start time: Feb 26 15:43 CST
Output:
----------------------------------------------------------
[==========] Running 1 test from 1 test suite.
[----------] Global test environment set-up.
[----------] 1 test from Sym
[ RUN      ] Sym.Expression
a*(x+1)+3*cos(y)
{a*(x+1)+3*cos(y),a*(x+1),a,x+1,x,1,3*cos(y),3,cos(y),y}
[       OK ] Sym.Expression (0 ms)
[----------] 1 test from Sym (0 ms total)

[----------] Global test environment tear-down
[==========] 1 test from 1 test suite ran. (0 ms total)
[  PASSED  ] 1 test.
<end of output>
Test time =   0.06 sec
----------------------------------------------------------
Test Passed.
"test_expression" end time: Feb 26 15:43 CST
"test_expression" time elapsed: 00:00:00
----------------------------------------------------------

8/12 Testing: test_list
8/12 Test: test_list
Command: "/mnt/e/workspace/mysym/build/test/test_list"
Directory: /mnt/e/workspace/mysym/build
"test_list" start time: Feb 26 15:43 CST
Output:
----------------------------------------------------------
[==========] Running 2 tests from 1 test suite.
[----------] Global test environment set-up.
[----------] 2 tests from Sym
[ RUN      ] Sym.List
{x,y,z}
{x,y,z,x}
[       OK ] Sym.List (0 ms)
[ RUN      ] Sym.Set
{x,y,z}
[       OK ] Sym.Set (0 ms)
[----------] 2 tests from Sym (0 ms total)

[----------] Global test environment tear-down
[==========] 2 tests from 1 test suite ran. (0 ms total)
[  PASSED  ] 2 tests.
<end of output>
Test time =   0.04 sec
----------------------------------------------------------
Test Passed.
"test_list" end time: Feb 26 15:43 CST
"test_list" time elapsed: 00:00:00
----------------------------------------------------------

9/12 Testing: test_term
9/12 Test: test_term
Command: "/mnt/e/workspace/mysym/build/test/test_term"
Directory: /mnt/e/workspace/mysym/build
"test_term" start time: Feb 26 15:43 CST
Output:
----------------------------------------------------------
[==========] Running 1 test from 1 test suite.
[----------] Global test environment set-up.
[----------] 1 test from Sym
[ RUN      ] Sym.Term
[       OK ] Sym.Term (0 ms)
[----------] 1 test from Sym (0 ms total)

[----------] Global test environment tear-down
[==========] 1 test from 1 test suite ran. (0 ms total)
[  PASSED  ] 1 test.
<end of output>
Test time =   0.03 sec
----------------------------------------------------------
Test Passed.
"test_term" end time: Feb 26 15:43 CST
"test_term" time elapsed: 00:00:00
----------------------------------------------------------

10/12 Testing: test_exponent
10/12 Test: test_exponent
Command: "/mnt/e/workspace/mysym/build/test/test_exponent"
Directory: /mnt/e/workspace/mysym/build
"test_exponent" start time: Feb 26 15:43 CST
Output:
----------------------------------------------------------
[==========] Running 2 tests from 1 test suite.
[----------] Global test environment set-up.
[----------] 2 tests from Sym
[ RUN      ] Sym.Base
[       OK ] Sym.Base (0 ms)
[ RUN      ] Sym.Exponent
[       OK ] Sym.Exponent (0 ms)
[----------] 2 tests from Sym (0 ms total)

[----------] Global test environment tear-down
[==========] 2 tests from 1 test suite ran. (0 ms total)
[  PASSED  ] 2 tests.
<end of output>
Test time =   0.02 sec
----------------------------------------------------------
Test Passed.
"test_exponent" end time: Feb 26 15:43 CST
"test_exponent" time elapsed: 00:00:00
----------------------------------------------------------

12/12 Testing: test_sort
12/12 Test: test_sort
Command: "/mnt/e/workspace/mysym/build/test/test_sort"
Directory: /mnt/e/workspace/mysym/build
"test_sort" start time: Feb 26 15:43 CST
Output:
----------------------------------------------------------
[==========] Running 1 test from 1 test suite.
[----------] Global test environment set-up.
[----------] 1 test from Sym
[ RUN      ] Sym.Sort
x > y
[       OK ] Sym.Sort (0 ms)
[----------] 1 test from Sym (0 ms total)

[----------] Global test environment tear-down
[==========] 1 test from 1 test suite ran. (0 ms total)
[  PASSED  ] 1 test.
<end of output>
Test time =   0.02 sec
----------------------------------------------------------
Test Passed.
"test_sort" end time: Feb 26 15:43 CST
"test_sort" time elapsed: 00:00:00
----------------------------------------------------------

11/12 Testing: test_cmp
11/12 Test: test_cmp
Command: "/mnt/e/workspace/mysym/build/test/test_cmp"
Directory: /mnt/e/workspace/mysym/build
"test_cmp" start time: Feb 26 15:43 CST
Output:
----------------------------------------------------------
[==========] Running 9 tests from 1 test suite.
[----------] Global test environment set-up.
[----------] 9 tests from Sym
[ RUN      ] Sym.Cmp0_3
[       OK ] Sym.Cmp0_3 (0 ms)
[ RUN      ] Sym.Cmp4
[       OK ] Sym.Cmp4 (0 ms)
[ RUN      ] Sym.Cmp5
[       OK ] Sym.Cmp5 (0 ms)
[ RUN      ] Sym.Cmp6
[       OK ] Sym.Cmp6 (0 ms)
[ RUN      ] Sym.Cmp7
[       OK ] Sym.Cmp7 (0 ms)
[ RUN      ] Sym.Cmp8
[       OK ] Sym.Cmp8 (0 ms)
[ RUN      ] Sym.Cmp9
[       OK ] Sym.Cmp9 (0 ms)
[ RUN      ] Sym.Cmp10
[       OK ] Sym.Cmp10 (0 ms)
[ RUN      ] Sym.Cmp11
[       OK ] Sym.Cmp11 (0 ms)
[----------] 9 tests from Sym (0 ms total)

[----------] Global test environment tear-down
[==========] 9 tests from 1 test suite ran. (0 ms total)
[  PASSED  ] 9 tests.
<end of output>
Test time =   0.02 sec
----------------------------------------------------------
Test Passed.
"test_cmp" end time: Feb 26 15:43 CST
"test_cmp" time elapsed: 00:00:00
----------------------------------------------------------

End testing: Feb 26 15:43 CST
