<?xml version="1.0" encoding="UTF-8"?>
<Site BuildName="(empty)"
	BuildStamp="20230317-0527-Experimental"
	Name="(empty)"
	Generator="ctest-3.10.2"
	CompilerName=""
	CompilerVersion=""
	OSName="Linux"
	Hostname="DESKTOP-FC6BDD8"
	OSRelease="5.15.90.1-microsoft-standard-WSL2"
	OSVersion="#1 SMP Fri Jan 27 02:56:13 UTC 2023"
	OSPlatform="x86_64"
	Is64Bits="1"
	VendorString="GenuineIntel"
	VendorID="Intel Corporation"
	FamilyID="6"
	ModelID="141"
	ProcessorCacheSize="24576"
	NumberOfLogicalCPU="16"
	NumberOfPhysicalCPU="8"
	TotalVirtualMemory="8192"
	TotalPhysicalMemory="31972"
	LogicalProcessorsPerPhysical="2"
	ProcessorClockFrequency="2496"
	>
	<Testing>
		<StartDateTime>Mar 17 13:59 CST</StartDateTime>
		<StartTestTime>1679032743</StartTestTime>
		<TestList>
			<Test>./test_coefficient</Test>
			<Test>./test_monomial</Test>
			<Test>./test_basic</Test>
			<Test>./test_simplify</Test>
			<Test>./test_polynomial</Test>
			<Test>./test_fraction</Test>
			<Test>./test_expression</Test>
			<Test>./test_map</Test>
			<Test>./test_list</Test>
			<Test>./test_term</Test>
			<Test>./test_degree</Test>
			<Test>./test_exponent</Test>
			<Test>./test_cmp</Test>
			<Test>./test_match</Test>
			<Test>./test_sort</Test>
			<Test>./test_symopt</Test>
		</TestList>
		<Test Status="failed">
			<Name>test_coefficient</Name>
			<Path>.</Path>
			<FullName>./test_coefficient</FullName>
			<FullCommandLine>/mnt/e/workspace/mysym/build/test/test_coefficient</FullCommandLine>
			<Results>
				<NamedMeasurement type="text/string" name="Exit Code">
					<Value>Failed</Value>
				</NamedMeasurement>
				<NamedMeasurement type="text/string" name="Exit Value">
					<Value>1</Value>
				</NamedMeasurement>
				<NamedMeasurement type="numeric/double" name="Execution Time">
					<Value>0.182214</Value>
				</NamedMeasurement>
				<NamedMeasurement type="text/string" name="Fail Reason">
					<Value>Error regular expression found in output. Regex=[FAILED]</Value>
				</NamedMeasurement>
				<NamedMeasurement type="numeric/double" name="Processors">
					<Value>1</Value>
				</NamedMeasurement>
				<NamedMeasurement type="text/string" name="Completion Status">
					<Value>Completed</Value>
				</NamedMeasurement>
				<NamedMeasurement type="text/string" name="Command Line">
					<Value>/mnt/e/workspace/mysym/build/test/test_coefficient</Value>
				</NamedMeasurement>
				<Measurement>
					<Value encoding="base64" compression="gzip">eJytUlFPwjAQfu+vuOxp1TFhJCQu8YEoGBKjhmF8WJCMcYPGrZ1tB9u/t2OKYITw4D20l7vvvn7Xu/BmZ1MYF5wzvoQOaFQaEimyb18VTKNLwtbOpnCfinmUNnnkayYFz5AbLOpWkf8C73MGVUZCGL88wtamdcC9FZgkLGaGgVxfehdvdul06WXPOJXjUeK6VzXD9pjFP2A3jn2v48MwYmkhkQzKHGONC8CPIkqZrkAkoFeoENZRWqDyCUAuGdczpc21tPfI7DKvHCgdiCVGGu33p1yPuMYlSgesrkUpdeO6zqaklv66YvEKmPLB4oKjZYKWZ53W2v1XrdURrd5ZWnuWGQQM+6OHwd0fgwC7DZmiJyfZYEALHaWUnLchGiPZWogNJ+H+/h3bO5ARdw/fMaqf+0HQqG5vsco97KVhcCBlqv7iOaZi459slxBT9JWdDIIJ+QQ+Sva+====</Value>
				</Measurement>
			</Results>
		</Test>
		<Test Status="passed">
			<Name>test_monomial</Name>
			<Path>.</Path>
			<FullName>./test_monomial</FullName>
			<FullCommandLine>/mnt/e/workspace/mysym/build/test/test_monomial</FullCommandLine>
			<Results>
				<NamedMeasurement type="numeric/double" name="Execution Time">
					<Value>0.175362</Value>
				</NamedMeasurement>
				<NamedMeasurement type="numeric/double" name="Processors">
					<Value>1</Value>
				</NamedMeasurement>
				<NamedMeasurement type="text/string" name="Completion Status">
					<Value>Completed</Value>
				</NamedMeasurement>
				<NamedMeasurement type="text/string" name="Command Line">
					<Value>/mnt/e/workspace/mysym/build/test/test_monomial</Value>
				</NamedMeasurement>
				<Measurement>
					<Value encoding="base64" compression="gzip">eJyNUMEKwjAMvfcrcnSHFfXuQXB4kKlseCo7VKxSaBNpO8W/t9tkuMHEd0vee8lLxKpHBUWNqPEGSwjKBw9XRxYWbQG+1kFxJtIeFWwNnaXpeIUP7QitwqhVIa3vI/FgaPmyTEBx2kOLqmnwnJCsliYyHQ67EQOzOVifTFu3eTbtjmQ/4FeyTgSBgjQJ++/koKRLL/REJr4/OvlJcBL5cFHMfVyXZbZpjvoYOXsDTp562w==</Value>
				</Measurement>
			</Results>
		</Test>
		<Test Status="passed">
			<Name>test_basic</Name>
			<Path>.</Path>
			<FullName>./test_basic</FullName>
			<FullCommandLine>/mnt/e/workspace/mysym/build/test/test_basic</FullCommandLine>
			<Results>
				<NamedMeasurement type="numeric/double" name="Execution Time">
					<Value>0.166524</Value>
				</NamedMeasurement>
				<NamedMeasurement type="numeric/double" name="Processors">
					<Value>1</Value>
				</NamedMeasurement>
				<NamedMeasurement type="text/string" name="Completion Status">
					<Value>Completed</Value>
				</NamedMeasurement>
				<NamedMeasurement type="text/string" name="Command Line">
					<Value>/mnt/e/workspace/mysym/build/test/test_basic</Value>
				</NamedMeasurement>
				<Measurement>
					<Value encoding="base64" compression="gzip">eJyNU01PwzAMvedXmFvbtNM6BDcOCBAHJEBMnKZN8ka2RLTJ1Hpj49eTtigfoCEitX12Xp5fFXt25dYcXnZaK72BcyDRUgvrxtRQ9gG0O0VixGaFW3O4r8wSq2Ff6L1qjK6FtlxBxW77gxyJTo81m8HL6yP0a94lRjeNQBJskUxyTLPkwI8pK8qMuldlNjZ9SO2pYT09RKcgGUPdpqdEJ+yTY7bkilvVvsIh7SC30gnyZdoDxd858c/Uko/8IztkyY7vT5acnKz5tCWmjRY5FOXwMJ7DOIeJRVkO5YAW/adD9u9yuBjwWQ7nPYXhsnXZ2rw53Crt8Mp4DmGYJ88XK59vPcZQCEMlDKUw1MJQDEM1KyZDWzL0Fe6QDJ3J0JqMvMnInIzcRXskI38yMuijPTbK3lsOl/1lMKVJbETj4nVlkHzU4IqU0S4xdqh0qPDQ625VUGLtuWHwu6ls07iG+mtuBhKQIaxS9r+BJIFN8WY+NJuF835yzqFBPYoLWb/P19Pp3W3X5N8HR+wLPhkP6g==</Value>
				</Measurement>
			</Results>
		</Test>
		<Test Status="passed">
			<Name>test_simplify</Name>
			<Path>.</Path>
			<FullName>./test_simplify</FullName>
			<FullCommandLine>/mnt/e/workspace/mysym/build/test/test_simplify</FullCommandLine>
			<Results>
				<NamedMeasurement type="numeric/double" name="Execution Time">
					<Value>0.158483</Value>
				</NamedMeasurement>
				<NamedMeasurement type="numeric/double" name="Processors">
					<Value>1</Value>
				</NamedMeasurement>
				<NamedMeasurement type="text/string" name="Completion Status">
					<Value>Completed</Value>
				</NamedMeasurement>
				<NamedMeasurement type="text/string" name="Command Line">
					<Value>/mnt/e/workspace/mysym/build/test/test_simplify</Value>
				</NamedMeasurement>
				<Measurement>
					<Value encoding="base64" compression="gzip">eJyNkMEKwjAMhu99ihzdYUUfwMNA8SCorHgqO1StUmjT0aXK3t7N4pjCxP8Uko8k/y+XgyooI6LBGyyAdENwDd696yYa0pzJfFAFG+tPyqa5xrsJHp3GjtWUx/oLHu8UrWMSyuMOXqr6Bi8ieafInIVxtTXXtkOS9tspBGZzcE3281JigDwpm7H/HJBWIb/4BzI5zmcqFwgK+eed7vdDIcR61dtLLGdPGeduOw==</Value>
				</Measurement>
			</Results>
		</Test>
		<Test Status="passed">
			<Name>test_polynomial</Name>
			<Path>.</Path>
			<FullName>./test_polynomial</FullName>
			<FullCommandLine>/mnt/e/workspace/mysym/build/test/test_polynomial</FullCommandLine>
			<Results>
				<NamedMeasurement type="numeric/double" name="Execution Time">
					<Value>0.149003</Value>
				</NamedMeasurement>
				<NamedMeasurement type="numeric/double" name="Processors">
					<Value>1</Value>
				</NamedMeasurement>
				<NamedMeasurement type="text/string" name="Completion Status">
					<Value>Completed</Value>
				</NamedMeasurement>
				<NamedMeasurement type="text/string" name="Command Line">
					<Value>/mnt/e/workspace/mysym/build/test/test_polynomial</Value>
				</NamedMeasurement>
				<Measurement>
					<Value encoding="base64" compression="gzip">eJyNUEEKwjAQvOcVe7SHBn2AB0HxIGhp8RR6iBglkOxKslX6e1uDpSqKc1p2htnZUfMBNZQNosUzzIBNZDgF8s85NpaNFCofUMPa0UG7xBu82kDoDXZaw3lzeROPPavWCwXlfgsP1P1CFuRaJG+167iE3eaDg8kUfMx+eicNMLF2mfgvMxsd8iPdUKhxI9+agKBRvt7pQheLqlot+4eSVoo7GM1omw==</Value>
				</Measurement>
			</Results>
		</Test>
		<Test Status="passed">
			<Name>test_fraction</Name>
			<Path>.</Path>
			<FullName>./test_fraction</FullName>
			<FullCommandLine>/mnt/e/workspace/mysym/build/test/test_fraction</FullCommandLine>
			<Results>
				<NamedMeasurement type="numeric/double" name="Execution Time">
					<Value>0.138918</Value>
				</NamedMeasurement>
				<NamedMeasurement type="numeric/double" name="Processors">
					<Value>1</Value>
				</NamedMeasurement>
				<NamedMeasurement type="text/string" name="Completion Status">
					<Value>Completed</Value>
				</NamedMeasurement>
				<NamedMeasurement type="text/string" name="Command Line">
					<Value>/mnt/e/workspace/mysym/build/test/test_fraction</Value>
				</NamedMeasurement>
				<Measurement>
					<Value encoding="base64" compression="gzip">eJyNUMsKwkAMvOcrcuzDFhU8ehB8HASVVk+lha2uUmizsrtV69fbhxQrVJxbMpNJMsG0RYheTpTQBceoudIKz1JkOKoLVHmiuQuB0yLEVSpiljY8p1siBWWcSi3XTn79EndM/SKDAL3DBmuEVcNdSnbUiSAowIao5Bts1188GkPMlNlvsBciVfCAp82sGCIrMthgYvYb1vrW9dfRjQi10Cw14b80NGfSOYk7QfAZdm/IKBm53UXl5buZ7y/m1afvQRdeMQWCdA==</Value>
				</Measurement>
			</Results>
		</Test>
		<Test Status="passed">
			<Name>test_expression</Name>
			<Path>.</Path>
			<FullName>./test_expression</FullName>
			<FullCommandLine>/mnt/e/workspace/mysym/build/test/test_expression</FullCommandLine>
			<Results>
				<NamedMeasurement type="numeric/double" name="Execution Time">
					<Value>0.126764</Value>
				</NamedMeasurement>
				<NamedMeasurement type="numeric/double" name="Processors">
					<Value>1</Value>
				</NamedMeasurement>
				<NamedMeasurement type="text/string" name="Completion Status">
					<Value>Completed</Value>
				</NamedMeasurement>
				<NamedMeasurement type="text/string" name="Command Line">
					<Value>/mnt/e/workspace/mysym/build/test/test_expression</Value>
				</NamedMeasurement>
				<Measurement>
					<Value encoding="base64" compression="gzip">eJyNUcEOgjAMve8regQdRPTswUT0YKJG4olwmFoNCXRmGwox/rsgSlSi8V22ta99r2s4bBDBKiOK6QB9MKiNhr2SKXj3B+gsNuiy0GkQwTSRG5HUeaRTrCSlSCUXjZMdP8hvTYMiZSGs1nO4I6oCrp8fFWodS2KDzlZqq7C7omN53dxml88Ifwb4gD8uBX/mBC8P7vH8WqrUWMxaKmD1INV228hEIbYttDpVtKbHr1FrEhhpRGKz//7QoFDOTp6Jha8r+roaUILcd6HS8HIUBP64mutR6LIbnpSPyQ==</Value>
				</Measurement>
			</Results>
		</Test>
		<Test Status="passed">
			<Name>test_map</Name>
			<Path>.</Path>
			<FullName>./test_map</FullName>
			<FullCommandLine>/mnt/e/workspace/mysym/build/test/test_map</FullCommandLine>
			<Results>
				<NamedMeasurement type="numeric/double" name="Execution Time">
					<Value>0.11458</Value>
				</NamedMeasurement>
				<NamedMeasurement type="numeric/double" name="Processors">
					<Value>1</Value>
				</NamedMeasurement>
				<NamedMeasurement type="text/string" name="Completion Status">
					<Value>Completed</Value>
				</NamedMeasurement>
				<NamedMeasurement type="text/string" name="Command Line">
					<Value>/mnt/e/workspace/mysym/build/test/test_map</Value>
				</NamedMeasurement>
				<Measurement>
					<Value encoding="base64" compression="gzip">eJyNUMsKwjAQvOcr9tiHDfQDPAiKB/FBi6dSIcUohSYpaapNv96kwVoFxbnsTHaY7G42H5FD0nJe8ivEoGij4CIFe/KmLRXFKItG5LCuREEq16f8VkrBGeXGS1XU1h/maWaqGcogOe5gQG4f8JbUqAv6sAtIUITaMG0ZOnndrPdDW4y0RDutB22CHPabVxB4MbDG/zmB84ASilQ++m8zRYmMzuLOUTa927d7gSQcv/9jpj0s0nS1tGs7L0YPVIZxHA==</Value>
				</Measurement>
			</Results>
		</Test>
		<Test Status="passed">
			<Name>test_list</Name>
			<Path>.</Path>
			<FullName>./test_list</FullName>
			<FullCommandLine>/mnt/e/workspace/mysym/build/test/test_list</FullCommandLine>
			<Results>
				<NamedMeasurement type="numeric/double" name="Execution Time">
					<Value>0.100365</Value>
				</NamedMeasurement>
				<NamedMeasurement type="numeric/double" name="Processors">
					<Value>1</Value>
				</NamedMeasurement>
				<NamedMeasurement type="text/string" name="Completion Status">
					<Value>Completed</Value>
				</NamedMeasurement>
				<NamedMeasurement type="text/string" name="Command Line">
					<Value>/mnt/e/workspace/mysym/build/test/test_list</Value>
				</NamedMeasurement>
				<Measurement>
					<Value encoding="base64" compression="gzip">eJyNkD8LwjAQxfd8ihsttEHdHQTFQVFpcAodIkYpNIkkqbZKv7vpH2prUXxLSO73Xu6OzlpFEKZSxvICU7DcWANnrQRMqguYNLYcIxq0imCVqCNL6jqXt1grKbh0LLdBev2Ae6EkF4hCeNhCpah8wJvYWPTM/Nx/FM3pZ4Xjau3WHQ5GYxDGG4YQ/s4YOF2xNf7qrYbAKssSD/03tOVMByd1l4h2d/p1l6CZxP2PXL/7OSHLRTlMY8ToBd3qerw=</Value>
				</Measurement>
			</Results>
		</Test>
		<Test Status="passed">
			<Name>test_term</Name>
			<Path>.</Path>
			<FullName>./test_term</FullName>
			<FullCommandLine>/mnt/e/workspace/mysym/build/test/test_term</FullCommandLine>
			<Results>
				<NamedMeasurement type="numeric/double" name="Execution Time">
					<Value>0.083261</Value>
				</NamedMeasurement>
				<NamedMeasurement type="numeric/double" name="Processors">
					<Value>1</Value>
				</NamedMeasurement>
				<NamedMeasurement type="text/string" name="Completion Status">
					<Value>Completed</Value>
				</NamedMeasurement>
				<NamedMeasurement type="text/string" name="Command Line">
					<Value>/mnt/e/workspace/mysym/build/test/test_term</Value>
				</NamedMeasurement>
				<Measurement>
					<Value encoding="base64" compression="gzip">eJyLtoWDWIWg0ry8zLx0BUOFktTiEoW0ovxcGLu4NLMkVY8rWhcOYhXcc/KTEnMg8ql5ZZlF+Xm5qXlAtakluqUFaIqRzQyuzOWKVggK9VMAg1iQgF5IahFIFAL8vZFEFTQMFHKLNfGaB1GjUJJfkpijyUWcO0tSE4t0U/LL87iikUMBl+8VihLz9FDtATo3wDE42NUF5AmIWj0uACHVY4M=</Value>
				</Measurement>
			</Results>
		</Test>
		<Test Status="passed">
			<Name>test_degree</Name>
			<Path>.</Path>
			<FullName>./test_degree</FullName>
			<FullCommandLine>/mnt/e/workspace/mysym/build/test/test_degree</FullCommandLine>
			<Results>
				<NamedMeasurement type="numeric/double" name="Execution Time">
					<Value>0.0680161</Value>
				</NamedMeasurement>
				<NamedMeasurement type="numeric/double" name="Processors">
					<Value>1</Value>
				</NamedMeasurement>
				<NamedMeasurement type="text/string" name="Completion Status">
					<Value>Completed</Value>
				</NamedMeasurement>
				<NamedMeasurement type="text/string" name="Command Line">
					<Value>/mnt/e/workspace/mysym/build/test/test_degree</Value>
				</NamedMeasurement>
				<Measurement>
					<Value encoding="base64" compression="gzip">eJyNUEEKwjAQvOcVe7SHBH2AB6HiQVBp8RRyiLiWQrORdKv4e1ODpRUU57TMDrOzo5cDDBQdUU0VLICxZbgE795z29WMSmg5wMCm8SfbpD3SrQ6eHFLUIsvu+iEee5YPJzQUxx28YHpC5VgFxMgn7LcTHmZzcG320zNpgD3bJhP/ZWW0QZ79nYQeN/GtAQiW1PRODHxYleU67x9JWiWe4BZk6w==</Value>
				</Measurement>
			</Results>
		</Test>
		<Test Status="passed">
			<Name>test_exponent</Name>
			<Path>.</Path>
			<FullName>./test_exponent</FullName>
			<FullCommandLine>/mnt/e/workspace/mysym/build/test/test_exponent</FullCommandLine>
			<Results>
				<NamedMeasurement type="numeric/double" name="Execution Time">
					<Value>0.05527</Value>
				</NamedMeasurement>
				<NamedMeasurement type="numeric/double" name="Processors">
					<Value>1</Value>
				</NamedMeasurement>
				<NamedMeasurement type="text/string" name="Completion Status">
					<Value>Completed</Value>
				</NamedMeasurement>
				<NamedMeasurement type="text/string" name="Command Line">
					<Value>/mnt/e/workspace/mysym/build/test/test_exponent</Value>
				</NamedMeasurement>
				<Measurement>
					<Value encoding="base64" compression="gzip">eJyNUD0PgjAQ3fsrbpSBRt0dNBIHEjUQp4ahxmpI6JW0hx//3gJKQKLxbffuvXt3JxYdMkgqxBwvMAdSjhycrdEwawpwVU6KMxF2yGBTmKMs2r7Ca24NaoVeqyisyg/xYGj60ExActhCg6wm+Eo65dkWu7jHwmQK2gVjS3QvDfrIse3d6ay/dmlFQIZkEbD/jiQlbXgyN2Si/8OvvwMrkQ+D/NL7ZZpG6/qcl5GzJ7YaddE=</Value>
				</Measurement>
			</Results>
		</Test>
		<Test Status="passed">
			<Name>test_cmp</Name>
			<Path>.</Path>
			<FullName>./test_cmp</FullName>
			<FullCommandLine>/mnt/e/workspace/mysym/build/test/test_cmp</FullCommandLine>
			<Results>
				<NamedMeasurement type="numeric/double" name="Execution Time">
					<Value>0.0479679</Value>
				</NamedMeasurement>
				<NamedMeasurement type="numeric/double" name="Processors">
					<Value>1</Value>
				</NamedMeasurement>
				<NamedMeasurement type="text/string" name="Completion Status">
					<Value>Completed</Value>
				</NamedMeasurement>
				<NamedMeasurement type="text/string" name="Command Line">
					<Value>/mnt/e/workspace/mysym/build/test/test_cmp</Value>
				</NamedMeasurement>
				<Measurement>
					<Value encoding="base64" compression="gzip">eJyN0s8LgjAUB/D7/op3rIPiyB956BAVHYIKpZNILFohuE10Fv33mYZkvEbf257vszn2klmfFKJaykxeIQTNK13BpVQCaLuAqs40t0li9UlhnasTy7vvXN6yUknBZdPLtVUXX82DTeOHIAlEhy20SV8FeyEK5zhp6l12m0EdRg6IaowyF0WuiXgo8UzER4lvIgFKAhOZomRqIiFKQhOhDmqoY0QUR7RHpgeHEW2aQCvN8jH5b5I0Z6V1VndJks9B/TmgUDJpDw9q/ng/j+PV8nWRN7TJE2/jyaQ=</Value>
				</Measurement>
			</Results>
		</Test>
		<Test Status="passed">
			<Name>test_match</Name>
			<Path>.</Path>
			<FullName>./test_match</FullName>
			<FullCommandLine>/mnt/e/workspace/mysym/build/test/test_match</FullCommandLine>
			<Results>
				<NamedMeasurement type="numeric/double" name="Execution Time">
					<Value>0.042959</Value>
				</NamedMeasurement>
				<NamedMeasurement type="numeric/double" name="Processors">
					<Value>1</Value>
				</NamedMeasurement>
				<NamedMeasurement type="text/string" name="Completion Status">
					<Value>Completed</Value>
				</NamedMeasurement>
				<NamedMeasurement type="text/string" name="Command Line">
					<Value>/mnt/e/workspace/mysym/build/test/test_match</Value>
				</NamedMeasurement>
				<Measurement>
					<Value encoding="base64" compression="gzip">eJyNUE0LwjAMvfdX5OgOK+rdw0ARET/Y8DR26LTqoE2lzRT/vd0m0ykT3y157+UlSSctMohLxAJPMAaSjhwcrdEwqgtwZUGSszRskcFcmVyohpd4LaxBLdFrJYXl5UPcGZrcNUsh3q2hRlY1+ErQ/rxATzTYLLsEDIagXfBtjHLX631xrf3XVo0IyJBQAfvvXJLChgdz8+nv3+z9IliBvBvk195GSTKbVic9jZw9AK5GePU=</Value>
				</Measurement>
			</Results>
		</Test>
		<Test Status="passed">
			<Name>test_sort</Name>
			<Path>.</Path>
			<FullName>./test_sort</FullName>
			<FullCommandLine>/mnt/e/workspace/mysym/build/test/test_sort</FullCommandLine>
			<Results>
				<NamedMeasurement type="numeric/double" name="Execution Time">
					<Value>0.039484</Value>
				</NamedMeasurement>
				<NamedMeasurement type="numeric/double" name="Processors">
					<Value>1</Value>
				</NamedMeasurement>
				<NamedMeasurement type="text/string" name="Completion Status">
					<Value>Completed</Value>
				</NamedMeasurement>
				<NamedMeasurement type="text/string" name="Command Line">
					<Value>/mnt/e/workspace/mysym/build/test/test_sort</Value>
				</NamedMeasurement>
				<Measurement>
					<Value encoding="base64" compression="gzip">eJyNkU1Lw0AQhu/7K+aYOE0wlR57EBQPgkqDpyXCtk5LINkN+1G7/96NG+tGUZzTMO8z33x9tgY2TspWHqACS8bCXqv+0zeutVQyXpytgbtObUUXdZLHVivZkwws2cIN3+C0Zu17xmHz/AAf1oyBslbasoNWbqhgDSt0+JKJxVWOppWZz1HgFnfomdhb0mACDQkdVYd+njXRmo6kDX0lTDUn1ofEXSggcMV8UCtcXpyCeFos87TfD20YQmT0K/Qzci7wuCc83ie7QnYJvcn/vFJkwCorupz97/qWhC5e1ZtkPP3tbz8FLWQ57xPGfbqu69ub8TWRLdk7QNyhtw==</Value>
				</Measurement>
			</Results>
		</Test>
		<Test Status="passed">
			<Name>test_symopt</Name>
			<Path>.</Path>
			<FullName>./test_symopt</FullName>
			<FullCommandLine>/mnt/e/workspace/mysym/build/test/test_symopt</FullCommandLine>
			<Results>
				<NamedMeasurement type="numeric/double" name="Execution Time">
					<Value>0.0348771</Value>
				</NamedMeasurement>
				<NamedMeasurement type="numeric/double" name="Processors">
					<Value>1</Value>
				</NamedMeasurement>
				<NamedMeasurement type="text/string" name="Completion Status">
					<Value>Completed</Value>
				</NamedMeasurement>
				<NamedMeasurement type="text/string" name="Command Line">
					<Value>/mnt/e/workspace/mysym/build/test/test_symopt</Value>
				</NamedMeasurement>
				<Measurement>
					<Value encoding="base64" compression="gzip">eJyNklFLwzAQx9/7KTJQcPpv1T2vA0HxQXCy4VOZkHXpFmgvJbkq+/Y2SR3OoXiQ/Lnc5ZdLckV+sJVYdESatmIiWDl2orKmEbfBEa7TrLKkSA+2Eo+1Wcs6xhW9a2uoUdTnKk679kfyEXS5b5JCLF6fRbCVX8j6MW85GWGU4wznuMQVUk0VrjHFNEeOGWY53iDXDtKWpfmSXVQeJLquHCS4TpWDRFfTIMFlSYPs4LGB6YGB5lGBo+DLqc0WjdmADCm0Gh4duB4aiB7nWf0do82fju4oLm5E48anT9DHlooTWddYS6fLOFd9GeQYVUdlmCYtdvtWWehB2OqtAUnurIJpGcZu+nW3bxBCp4XEkw6F/PVTMUmwYVmPk/+1ACtp0435oKT43mG/dpawkrLjg/qSX+6Wy4d7/zjDxiz5BBki2nA=</Value>
				</Measurement>
			</Results>
		</Test>
		<EndDateTime>Mar 17 13:59 CST</EndDateTime>
		<EndTestTime>1679032744</EndTestTime>
		<ElapsedMinutes>0</ElapsedMinutes>
	</Testing>
</Site>
