<?xml version="1.0" encoding="UTF-8"?>
<Site BuildName="(empty)"
	BuildStamp="20230310-0956-Experimental"
	Name="(empty)"
	Generator="ctest-3.10.2"
	CompilerName=""
	CompilerVersion=""
	OSName="Linux"
	Hostname="DESKTOP-FC6BDD8"
	OSRelease="5.15.90.1-microsoft-standard-WSL2"
	OSVersion="#1 SMP Fri Jan 27 02:56:13 UTC 2023"
	OSPlatform="x86_64"
	Is64Bits="1"
	VendorString="GenuineIntel"
	VendorID="Intel Corporation"
	FamilyID="6"
	ModelID="141"
	ProcessorCacheSize="24576"
	NumberOfLogicalCPU="16"
	NumberOfPhysicalCPU="8"
	TotalVirtualMemory="8192"
	TotalPhysicalMemory="31972"
	LogicalProcessorsPerPhysical="2"
	ProcessorClockFrequency="2496"
	>
	<Testing>
		<StartDateTime>Mar 10 18:11 CST</StartDateTime>
		<StartTestTime>1678443093</StartTestTime>
		<TestList>
			<Test>./test_basic</Test>
			<Test>./test_monomial</Test>
			<Test>./test_sort</Test>
			<Test>./test_coefficient</Test>
			<Test>./test_degree</Test>
			<Test>./test_map</Test>
			<Test>./test_simplify</Test>
			<Test>./test_polynomial</Test>
			<Test>./test_fraction</Test>
			<Test>./test_expression</Test>
			<Test>./test_list</Test>
			<Test>./test_term</Test>
			<Test>./test_exponent</Test>
			<Test>./test_match</Test>
			<Test>./test_cmp</Test>
		</TestList>
		<Test Status="passed">
			<Name>test_basic</Name>
			<Path>.</Path>
			<FullName>./test_basic</FullName>
			<FullCommandLine>/mnt/e/workspace/mysym/build/test/test_basic</FullCommandLine>
			<Results>
				<NamedMeasurement type="numeric/double" name="Execution Time">
					<Value>0.16734</Value>
				</NamedMeasurement>
				<NamedMeasurement type="numeric/double" name="Processors">
					<Value>1</Value>
				</NamedMeasurement>
				<NamedMeasurement type="text/string" name="Completion Status">
					<Value>Completed</Value>
				</NamedMeasurement>
				<NamedMeasurement type="text/string" name="Command Line">
					<Value>/mnt/e/workspace/mysym/build/test/test_basic</Value>
				</NamedMeasurement>
				<Measurement>
					<Value encoding="base64" compression="gzip">eJyNU01PwzAMvedXmFvbtNM6BDcOCBAHJEBMnKZN8ka2RLTJ1Hpj49eTtigfoCEitX12Xp5fFXt25dYcXnZaK72BcyDRUgvrxtRQ9gG0O0VixGaFW3O4r8wSq2Ff6L1qjK6FtlxBxW77gxyJTo81m8HL6yP0a94lRjeNQBJskUxyTLPkwI8pK8qMuldlNjZ9SO2pYT09RKcgGUPdpqdEJ+yTY7bkilvVvsIh7SC30gnyZdoDxd858c/Uko/8IztkyY7vT5acnKz5tCWmjRY5FOXwMJ7DOIeJRVkO5YAW/adD9u9yuBjwWQ7nPYXhsnXZ2rw53Crt8Mp4DmGYJ88XK59vPcZQCEMlDKUw1MJQDEM1KyZDWzL0Fe6QDJ3J0JqMvMnInIzcRXskI38yMuijPTbK3lsOl/1lMKVJbETj4nVlkHzU4IqU0S4xdqh0qPDQ625VUGLtuWHwu6ls07iG+mtuBhKQIaxS9r+BJIFN8WY+NJuF835yzqFBPYoLWb/P19Pp3W3X5N8HR+wLPhkP6g==</Value>
				</Measurement>
			</Results>
		</Test>
		<Test Status="failed">
			<Name>test_monomial</Name>
			<Path>.</Path>
			<FullName>./test_monomial</FullName>
			<FullCommandLine>/mnt/e/workspace/mysym/build/test/test_monomial</FullCommandLine>
			<Results>
				<NamedMeasurement type="text/string" name="Exit Code">
					<Value>Failed</Value>
				</NamedMeasurement>
				<NamedMeasurement type="text/string" name="Exit Value">
					<Value>1</Value>
				</NamedMeasurement>
				<NamedMeasurement type="numeric/double" name="Execution Time">
					<Value>0.158341</Value>
				</NamedMeasurement>
				<NamedMeasurement type="text/string" name="Fail Reason">
					<Value>Error regular expression found in output. Regex=[FAILED]</Value>
				</NamedMeasurement>
				<NamedMeasurement type="numeric/double" name="Processors">
					<Value>1</Value>
				</NamedMeasurement>
				<NamedMeasurement type="text/string" name="Completion Status">
					<Value>Completed</Value>
				</NamedMeasurement>
				<NamedMeasurement type="text/string" name="Command Line">
					<Value>/mnt/e/workspace/mysym/build/test/test_monomial</Value>
				</NamedMeasurement>
				<Measurement>
					<Value encoding="base64" compression="gzip">eJyNUV1rwjAUfc+vuPjUQs2mbyvsobAqY3MO63wpZcR6O8LSpORjKmP/fa2VsorKzkNI7jn34+Sm9x0yWDgpufyAMVg01kChVQmjwwOM4xYpSYcdMpgKtWai5VF+ca1kibLWoh266kTcK5rsS5LC4u0FDsiaAJ0pqUrORM20mD+dMODdQmn8y6nTWUwovWk6HY738kjQPA/HdyFMGBdOI1kx4RBUEQI3ncgzowC+c43Movc5r+yKaV7fAxjsBn4AZ5n9wP/xCUCUW8dECAUTBkm8qzC3uAnBaoeNo0n0+Bw/nBm4M3Xtt1oRWGWZ8Mn/1mCR6eFGbSVJ/2754nZBM0n7jeq5X6MkaedutbRvpg0GILip7cIahdqGV/0SUicd2WWcLMkvvVfDVQ==</Value>
				</Measurement>
			</Results>
		</Test>
		<Test Status="failed">
			<Name>test_sort</Name>
			<Path>.</Path>
			<FullName>./test_sort</FullName>
			<FullCommandLine>/mnt/e/workspace/mysym/build/test/test_sort</FullCommandLine>
			<Results>
				<NamedMeasurement type="text/string" name="Exit Code">
					<Value>Failed</Value>
				</NamedMeasurement>
				<NamedMeasurement type="text/string" name="Exit Value">
					<Value>1</Value>
				</NamedMeasurement>
				<NamedMeasurement type="numeric/double" name="Execution Time">
					<Value>0.148588</Value>
				</NamedMeasurement>
				<NamedMeasurement type="text/string" name="Fail Reason">
					<Value>Error regular expression found in output. Regex=[FAILED]</Value>
				</NamedMeasurement>
				<NamedMeasurement type="numeric/double" name="Processors">
					<Value>1</Value>
				</NamedMeasurement>
				<NamedMeasurement type="text/string" name="Completion Status">
					<Value>Completed</Value>
				</NamedMeasurement>
				<NamedMeasurement type="text/string" name="Command Line">
					<Value>/mnt/e/workspace/mysym/build/test/test_sort</Value>
				</NamedMeasurement>
				<Measurement>
					<Value encoding="base64" compression="gzip">eJyNUk1PwzAMvedXWDutZJvYJi4VIE0wEBJCiMKpKlLaeltEmkxJui3/Ho8W6PgSPiX28/OLX9Kzj8jgodZa6iWMwaPzsLCmej+7WnocsXT4ERlcK5ML1dRRb6Q1ukJNWPTDev0F3OVMQsVSeHi6g7fI9olRYqxnS2vq9RjO4ITX/LkvBtOIO6n7IeKC57zggYmFRwuO0NBBN9Wah8OuFm1xg9bhZ0PL2WIDNRZEIPgJC1Qd88nRjoq7wSTqzvtWq/WLNlsNC6kwhishVW2RXXAOuCtw7aXRsJV+BSW6wsom0SssClpmUcTTcdxcYkhPq+BCdQ5Sb4SSJdAlNwoWxlbCw/ydL4OeD2skJdPJABS5YskD0tXrgV/ZvRqp6YTNvnNTBnIC4Gp2czu/7C4b+hOoXPSnTQ0GvPFCRex/9nsUdliSEJZ2P9dvnwqs0KPDOST3fpYkjdzjN6z78oiGYb8A57GEHJXZxj+/kzFCt+nHefLIXgEt4eWp====</Value>
				</Measurement>
			</Results>
		</Test>
		<Test Status="failed">
			<Name>test_coefficient</Name>
			<Path>.</Path>
			<FullName>./test_coefficient</FullName>
			<FullCommandLine>/mnt/e/workspace/mysym/build/test/test_coefficient</FullCommandLine>
			<Results>
				<NamedMeasurement type="text/string" name="Exit Code">
					<Value>Failed</Value>
				</NamedMeasurement>
				<NamedMeasurement type="text/string" name="Exit Value">
					<Value>1</Value>
				</NamedMeasurement>
				<NamedMeasurement type="numeric/double" name="Execution Time">
					<Value>0.12786</Value>
				</NamedMeasurement>
				<NamedMeasurement type="text/string" name="Fail Reason">
					<Value>Error regular expression found in output. Regex=[FAILED]</Value>
				</NamedMeasurement>
				<NamedMeasurement type="numeric/double" name="Processors">
					<Value>1</Value>
				</NamedMeasurement>
				<NamedMeasurement type="text/string" name="Completion Status">
					<Value>Completed</Value>
				</NamedMeasurement>
				<NamedMeasurement type="text/string" name="Command Line">
					<Value>/mnt/e/workspace/mysym/build/test/test_coefficient</Value>
				</NamedMeasurement>
				<Measurement>
					<Value encoding="base64" compression="gzip">eJyNUU1PwkAQve+vmPRSCdCA3Bo1IQjGxBhD4dT0sLRTmbgfze4W6L93oYJIlDinyZu3b9+bSe9PlcG8VorUOwzBoXVQGi2Pva3JYcTS/qkyeBJ6xUU7R7Uho5VE5bno+nV1QT7XTBrJUpgvX+FQ2R6IJhrLknLyCqxWH0pvFZQkMIYZJ1EbZJNuF3CXY+VIK9iSW0OBNjfUAkH+rRDleTwcxmdIDOmdbGwjH4DUhgsqoOKGS3BNhTA9ymYQhLsQZO29rhDC0Sg8MHpALrQwuo2CANza7N2R8h22uVa6aHxigNn4+WX6+EsouBmAtJ2rW2k54LTjosP+t22H3PQL74el57f864ZguIp+/uNdv42TpHU9OHDtRZZWoQeCrMPCb0bobXw1LmP+0dd0MU0W7BPSVb/r====</Value>
				</Measurement>
			</Results>
		</Test>
		<Test Status="failed">
			<Name>test_degree</Name>
			<Path>.</Path>
			<FullName>./test_degree</FullName>
			<FullCommandLine>/mnt/e/workspace/mysym/build/test/test_degree</FullCommandLine>
			<Results>
				<NamedMeasurement type="text/string" name="Exit Code">
					<Value>Failed</Value>
				</NamedMeasurement>
				<NamedMeasurement type="text/string" name="Exit Value">
					<Value>1</Value>
				</NamedMeasurement>
				<NamedMeasurement type="numeric/double" name="Execution Time">
					<Value>0.138233</Value>
				</NamedMeasurement>
				<NamedMeasurement type="text/string" name="Fail Reason">
					<Value>Error regular expression found in output. Regex=[FAILED]</Value>
				</NamedMeasurement>
				<NamedMeasurement type="numeric/double" name="Processors">
					<Value>1</Value>
				</NamedMeasurement>
				<NamedMeasurement type="text/string" name="Completion Status">
					<Value>Completed</Value>
				</NamedMeasurement>
				<NamedMeasurement type="text/string" name="Command Line">
					<Value>/mnt/e/workspace/mysym/build/test/test_degree</Value>
				</NamedMeasurement>
				<Measurement>
					<Value encoding="base64" compression="gzip">eJyNUU1rwzAMvftXiJwSaLx2OwwCOxSajsEYo+nYIYTiJmpicOzMdtrk3y8fW2kKHdPBFk8P6T0pfjpHAptaSi5zWIBFY+GgVfmbm5pbpCT2z5HAs1B7JsY6yiPXSpYoOy5av66uyJc9o7YkMWw+3mCIpAfoCnONSCi964nDs8sGjKZpsHgMYM24qDWSsKkwtZgBftVMcNuCOoAt0CAcmajRBASg0lzanbHdl7tjH7ep2hk0nkfTvuB6pJ/+WfC0AG4CcO6dDnEenE4crJcvr+FqKg7cOZTG+9PYyAGrLBMe+d/CLDLtZ+okSXx5jltnAM0knc7pBL8vo2gUPB+4hk5tjB1mILjpd7dHoU7BLaeEdPyfwjaMtuQbSTmldQ==</Value>
				</Measurement>
			</Results>
		</Test>
		<Test Status="passed">
			<Name>test_map</Name>
			<Path>.</Path>
			<FullName>./test_map</FullName>
			<FullCommandLine>/mnt/e/workspace/mysym/build/test/test_map</FullCommandLine>
			<Results>
				<NamedMeasurement type="numeric/double" name="Execution Time">
					<Value>0.116917</Value>
				</NamedMeasurement>
				<NamedMeasurement type="numeric/double" name="Processors">
					<Value>1</Value>
				</NamedMeasurement>
				<NamedMeasurement type="text/string" name="Completion Status">
					<Value>Completed</Value>
				</NamedMeasurement>
				<NamedMeasurement type="text/string" name="Command Line">
					<Value>/mnt/e/workspace/mysym/build/test/test_map</Value>
				</NamedMeasurement>
				<Measurement>
					<Value encoding="base64" compression="gzip">eJyNkM0OgjAQhO99ij3yI0QfwIOJxoPxJxBPDYcSqyGBLaFFKU9voQHRROOcvkwn092ly1EJRDVihjdYgOJSwbUSxcCyzhQPCQ1GJbDNRcpy+87xnlUCC44my1VQlx/haWesC0IhOh+gV9IZ4Z6VpPFav/GYl/rakO6IyAydZta6vgVjWdSDp3vPFFodd69CcOZQSPfnJDYDSiiWu+S/DRVnVXARDyR0er9vd4OKYfj+j5n2tIrjzbpb32ZD8gQZNHTJ====</Value>
				</Measurement>
			</Results>
		</Test>
		<Test Status="passed">
			<Name>test_simplify</Name>
			<Path>.</Path>
			<FullName>./test_simplify</FullName>
			<FullCommandLine>/mnt/e/workspace/mysym/build/test/test_simplify</FullCommandLine>
			<Results>
				<NamedMeasurement type="numeric/double" name="Execution Time">
					<Value>0.105176</Value>
				</NamedMeasurement>
				<NamedMeasurement type="numeric/double" name="Processors">
					<Value>1</Value>
				</NamedMeasurement>
				<NamedMeasurement type="text/string" name="Completion Status">
					<Value>Completed</Value>
				</NamedMeasurement>
				<NamedMeasurement type="text/string" name="Command Line">
					<Value>/mnt/e/workspace/mysym/build/test/test_simplify</Value>
				</NamedMeasurement>
				<Measurement>
					<Value encoding="base64" compression="gzip">eJyNkMEKwjAMhu99ihzdYUUfwMNA8SCorHgqO1StUmjT0aXK3t7N4pjCxP8Uko8k/y+XgyooI6LBGyyAdENwDd696yYa0pzJfFAFG+tPyqa5xrsJHp3GjtWUx/oLHu8UrWMSyuMOXqr6Bi8ieafInIVxtTXXtkOS9tspBGZzcE3281JigDwpm7H/HJBWIb/4BzI5zmcqFwgK+eed7vdDIcR61dtLLGdPGeduOw==</Value>
				</Measurement>
			</Results>
		</Test>
		<Test Status="passed">
			<Name>test_polynomial</Name>
			<Path>.</Path>
			<FullName>./test_polynomial</FullName>
			<FullCommandLine>/mnt/e/workspace/mysym/build/test/test_polynomial</FullCommandLine>
			<Results>
				<NamedMeasurement type="numeric/double" name="Execution Time">
					<Value>0.0922241</Value>
				</NamedMeasurement>
				<NamedMeasurement type="numeric/double" name="Processors">
					<Value>1</Value>
				</NamedMeasurement>
				<NamedMeasurement type="text/string" name="Completion Status">
					<Value>Completed</Value>
				</NamedMeasurement>
				<NamedMeasurement type="text/string" name="Command Line">
					<Value>/mnt/e/workspace/mysym/build/test/test_polynomial</Value>
				</NamedMeasurement>
				<Measurement>
					<Value encoding="base64" compression="gzip">eJyNUEEKwjAQvOcVe7SHBn2AB0HxIGhp8RR6iBglkOxKslX6e1uDpSqKc1p2htnZUfMBNZQNosUzzIBNZDgF8s85NpaNFCofUMPa0UG7xBu82kDoDXZaw3lzeROPPavWCwXlfgsP1P1CFuRaJG+167iE3eaDg8kUfMx+eicNMLF2mfgvMxsd8iPdUKhxI9+agKBRvt7pQheLqlot+4eSVoo7GM1omw==</Value>
				</Measurement>
			</Results>
		</Test>
		<Test Status="passed">
			<Name>test_fraction</Name>
			<Path>.</Path>
			<FullName>./test_fraction</FullName>
			<FullCommandLine>/mnt/e/workspace/mysym/build/test/test_fraction</FullCommandLine>
			<Results>
				<NamedMeasurement type="numeric/double" name="Execution Time">
					<Value>0.0807178</Value>
				</NamedMeasurement>
				<NamedMeasurement type="numeric/double" name="Processors">
					<Value>1</Value>
				</NamedMeasurement>
				<NamedMeasurement type="text/string" name="Completion Status">
					<Value>Completed</Value>
				</NamedMeasurement>
				<NamedMeasurement type="text/string" name="Command Line">
					<Value>/mnt/e/workspace/mysym/build/test/test_fraction</Value>
				</NamedMeasurement>
				<Measurement>
					<Value encoding="base64" compression="gzip">eJyNUMsKwkAMvOcrcuzDFhU8ehB8HASVVk+lha2uUmizsrtV69fbhxQrVJxbMpNJMsG0RYheTpTQBceoudIKz1JkOKoLVHmiuQuB0yLEVSpiljY8p1siBWWcSi3XTn79EndM/SKDAL3DBmuEVcNdSnbUiSAowIao5Bts1188GkPMlNlvsBciVfCAp82sGCIrMthgYvYb1vrW9dfRjQi10Cw14b80NGfSOYk7QfAZdm/IKBm53UXl5buZ7y/m1afvQRdeMQWCdA==</Value>
				</Measurement>
			</Results>
		</Test>
		<Test Status="passed">
			<Name>test_expression</Name>
			<Path>.</Path>
			<FullName>./test_expression</FullName>
			<FullCommandLine>/mnt/e/workspace/mysym/build/test/test_expression</FullCommandLine>
			<Results>
				<NamedMeasurement type="numeric/double" name="Execution Time">
					<Value>0.0685999</Value>
				</NamedMeasurement>
				<NamedMeasurement type="numeric/double" name="Processors">
					<Value>1</Value>
				</NamedMeasurement>
				<NamedMeasurement type="text/string" name="Completion Status">
					<Value>Completed</Value>
				</NamedMeasurement>
				<NamedMeasurement type="text/string" name="Command Line">
					<Value>/mnt/e/workspace/mysym/build/test/test_expression</Value>
				</NamedMeasurement>
				<Measurement>
					<Value encoding="base64" compression="gzip">eJyNUcEOgjAMve8regQdRPTswUT0YKJG4olwmFoNCXRmGwox/rsgSlSi8V22ta99r2s4bBDBKiOK6QB9MKiNhr2SKXj3B+gsNuiy0GkQwTSRG5HUeaRTrCSlSCUXjZMdP8hvTYMiZSGs1nO4I6oCrp8fFWodS2KDzlZqq7C7omN53dxml88Ifwb4gD8uBX/mBC8P7vH8WqrUWMxaKmD1INV228hEIbYttDpVtKbHr1FrEhhpRGKz//7QoFDOTp6Jha8r+roaUILcd6HS8HIUBP64mutR6LIbnpSPyQ==</Value>
				</Measurement>
			</Results>
		</Test>
		<Test Status="passed">
			<Name>test_list</Name>
			<Path>.</Path>
			<FullName>./test_list</FullName>
			<FullCommandLine>/mnt/e/workspace/mysym/build/test/test_list</FullCommandLine>
			<Results>
				<NamedMeasurement type="numeric/double" name="Execution Time">
					<Value>0.056725</Value>
				</NamedMeasurement>
				<NamedMeasurement type="numeric/double" name="Processors">
					<Value>1</Value>
				</NamedMeasurement>
				<NamedMeasurement type="text/string" name="Completion Status">
					<Value>Completed</Value>
				</NamedMeasurement>
				<NamedMeasurement type="text/string" name="Command Line">
					<Value>/mnt/e/workspace/mysym/build/test/test_list</Value>
				</NamedMeasurement>
				<Measurement>
					<Value encoding="base64" compression="gzip">eJyNkD8LwjAQxfd8ihsttEHdHQTFQVFpcAodIkYpNIkkqbZKv7vpH2prUXxLSO73Xu6OzlpFEKZSxvICU7DcWANnrQRMqguYNLYcIxq0imCVqCNL6jqXt1grKbh0LLdBev2Ae6EkF4hCeNhCpah8wJvYWPTM/Nx/FM3pZ4Xjau3WHQ5GYxDGG4YQ/s4YOF2xNf7qrYbAKssSD/03tOVMByd1l4h2d/p1l6CZxP2PXL/7OSHLRTlMY8ToBd3qerw=</Value>
				</Measurement>
			</Results>
		</Test>
		<Test Status="passed">
			<Name>test_term</Name>
			<Path>.</Path>
			<FullName>./test_term</FullName>
			<FullCommandLine>/mnt/e/workspace/mysym/build/test/test_term</FullCommandLine>
			<Results>
				<NamedMeasurement type="numeric/double" name="Execution Time">
					<Value>0.0443749</Value>
				</NamedMeasurement>
				<NamedMeasurement type="numeric/double" name="Processors">
					<Value>1</Value>
				</NamedMeasurement>
				<NamedMeasurement type="text/string" name="Completion Status">
					<Value>Completed</Value>
				</NamedMeasurement>
				<NamedMeasurement type="text/string" name="Command Line">
					<Value>/mnt/e/workspace/mysym/build/test/test_term</Value>
				</NamedMeasurement>
				<Measurement>
					<Value encoding="base64" compression="gzip">eJyLtoWDWIWg0ry8zLx0BUOFktTiEoW0ovxcGLu4NLMkVY8rWhcOYhXcc/KTEnMg8ql5ZZlF+Xm5qXlAtakluqUFaIqRzQyuzOWKVggK9VMAg1iQgF5IahFIFAL8vZFEFTQMFHKLNfGaB1GjUJJfkpijyUWcO0tSE4t0U/LL87iikUMBl+8VihLz9FDtATo3wDE42NUF5AmIWj0uACHVY4M=</Value>
				</Measurement>
			</Results>
		</Test>
		<Test Status="passed">
			<Name>test_exponent</Name>
			<Path>.</Path>
			<FullName>./test_exponent</FullName>
			<FullCommandLine>/mnt/e/workspace/mysym/build/test/test_exponent</FullCommandLine>
			<Results>
				<NamedMeasurement type="numeric/double" name="Execution Time">
					<Value>0.0521882</Value>
				</NamedMeasurement>
				<NamedMeasurement type="numeric/double" name="Processors">
					<Value>1</Value>
				</NamedMeasurement>
				<NamedMeasurement type="text/string" name="Completion Status">
					<Value>Completed</Value>
				</NamedMeasurement>
				<NamedMeasurement type="text/string" name="Command Line">
					<Value>/mnt/e/workspace/mysym/build/test/test_exponent</Value>
				</NamedMeasurement>
				<Measurement>
					<Value encoding="base64" compression="gzip">eJyNUD0PgjAQ3fsrbpSBRt0dNBIHEjUQp4ahxmpI6JW0hx//3gJKQKLxbffuvXt3JxYdMkgqxBwvMAdSjhycrdEwawpwVU6KMxF2yGBTmKMs2r7Ca24NaoVeqyisyg/xYGj60ExActhCg6wm+Eo65dkWu7jHwmQK2gVjS3QvDfrIse3d6ay/dmlFQIZkEbD/jiQlbXgyN2Si/8OvvwMrkQ+D/NL7ZZpG6/qcl5GzJ7YaddE=</Value>
				</Measurement>
			</Results>
		</Test>
		<Test Status="passed">
			<Name>test_match</Name>
			<Path>.</Path>
			<FullName>./test_match</FullName>
			<FullCommandLine>/mnt/e/workspace/mysym/build/test/test_match</FullCommandLine>
			<Results>
				<NamedMeasurement type="numeric/double" name="Execution Time">
					<Value>0.042592</Value>
				</NamedMeasurement>
				<NamedMeasurement type="numeric/double" name="Processors">
					<Value>1</Value>
				</NamedMeasurement>
				<NamedMeasurement type="text/string" name="Completion Status">
					<Value>Completed</Value>
				</NamedMeasurement>
				<NamedMeasurement type="text/string" name="Command Line">
					<Value>/mnt/e/workspace/mysym/build/test/test_match</Value>
				</NamedMeasurement>
				<Measurement>
					<Value encoding="base64" compression="gzip">eJyNUE0LwjAMvfdX5OgOK+rdw0ARET/Y8DR26LTqoE2lzRT/vd0m0ykT3y157+UlSSctMohLxAJPMAaSjhwcrdEwqgtwZUGSszRskcFcmVyohpd4LaxBLdFrJYXl5UPcGZrcNUsh3q2hRlY1+ErQ/rxATzTYLLsEDIagXfBtjHLX631xrf3XVo0IyJBQAfvvXJLChgdz8+nv3+z9IliBvBvk195GSTKbVic9jZw9AK5GePU=</Value>
				</Measurement>
			</Results>
		</Test>
		<Test Status="passed">
			<Name>test_cmp</Name>
			<Path>.</Path>
			<FullName>./test_cmp</FullName>
			<FullCommandLine>/mnt/e/workspace/mysym/build/test/test_cmp</FullCommandLine>
			<Results>
				<NamedMeasurement type="numeric/double" name="Execution Time">
					<Value>0.054606</Value>
				</NamedMeasurement>
				<NamedMeasurement type="numeric/double" name="Processors">
					<Value>1</Value>
				</NamedMeasurement>
				<NamedMeasurement type="text/string" name="Completion Status">
					<Value>Completed</Value>
				</NamedMeasurement>
				<NamedMeasurement type="text/string" name="Command Line">
					<Value>/mnt/e/workspace/mysym/build/test/test_cmp</Value>
				</NamedMeasurement>
				<Measurement>
					<Value encoding="base64" compression="gzip">eJyN0s8LgjAUB/D7/op3zIPiyB956BAVHYIKpZNIGK0Q3CY6i/77/BGS8Rp9b3u+z+bYi+dDEghrITJxgwAUq1QF11JyoN0CqjpTzCKxOSSBTS7Pad5/Z+KelVJwJppepsy6+GoebRo9OYkhPO6gS9IWrCUv7NO0qffZb0d1mNjAKwNlDoocHXFR4uqIhxJPR3yU+DoyQ8lMRwKUBDpCbdRQW4sojuiAdA/eN4GSKs0N8t8kKZaW5kU+BIk/B/XngEKZCmt8UPPHh0UUrVftRd7QIi9vNsmi====</Value>
				</Measurement>
			</Results>
		</Test>
		<EndDateTime>Mar 10 18:11 CST</EndDateTime>
		<EndTestTime>1678443093</EndTestTime>
		<ElapsedMinutes>0</ElapsedMinutes>
	</Testing>
</Site>
